
[0mGET /history [36m302[0m 6.475 ms - 46[0m
[0mGET / [36m304[0m 7.606 ms - -[0m
[0mPOST /login [36m302[0m 124.140 ms - 64[0m
[0mGET /dashboard [32m200[0m 6.102 ms - 4160[0m
[0mGET /history [32m200[0m 24.737 ms - 14777[0m
[0mGET /pegawai [36m304[0m 5.405 ms - -[0m
[0mGET /absensi [36m304[0m 5.662 ms - -[0m
[0mGET /profile [36m304[0m 6.752 ms - -[0m
[0mGET /history [36m302[0m 5.276 ms - 46[0m
[0mGET / [36m304[0m 6.921 ms - -[0m
[0mPOST /login [36m302[0m 124.247 ms - 64[0m
[0mGET /dashboard [36m304[0m 6.344 ms - -[0m
[0mGET /history [32m200[0m 25.051 ms - 14777[0m
[0mGET /pegawai [36m304[0m 4.781 ms - -[0m
[0mGET /absensi [36m304[0m 5.388 ms - -[0m
[0mGET /profile [36m304[0m 6.218 ms - -[0m
[0mGET /pegawai [36m304[0m 55.935 ms - -[0m
[0mGET /absensi [36m304[0m 7.254 ms - -[0m
[0mGET /logout [36m302[0m 1.134 ms - 46[0m
[0mGET / [36m304[0m 1.886 ms - -[0m
[0mPOST /login [36m302[0m 101.601 ms - 64[0m
[0mGET /dashboard [32m200[0m 4.024 ms - 3888[0m
[0mGET /checkout/10005 [36m302[0m 40.012 ms - 64[0m
[0mGET /dashboard [32m200[0m 3.770 ms - 3896[0m
[0mGET /checkin/10005 [36m302[0m 3.694 ms - 64[0m
[0mGET /dashboard [32m200[0m 2.346 ms - 3893[0m
[0mGET /checkout/10005 [36m302[0m 2.900 ms - 64[0m
[0mGET /dashboard [32m200[0m 2.437 ms - 3894[0m
[0mGET /logout [36m302[0m 0.933 ms - 46[0m
[0mGET / [36m304[0m 1.841 ms - -[0m
[0mPOST /login [36m302[0m 101.372 ms - 64[0m
[0mGET /dashboard [32m200[0m 2.980 ms - 3878[0m
[0mGET /checkin/10008 [36m302[0m 39.399 ms - 64[0m
[0mGET /dashboard [32m200[0m 3.605 ms - 3885[0m
[0mGET /logout [36m302[0m 0.767 ms - 46[0m
[0mGET / [36m304[0m 1.643 ms - -[0m
[0mPOST /login [36m302[0m 103.594 ms - 64[0m
[0mGET /dashboard [32m200[0m 3.537 ms - 3877[0m
[0mGET /checkin/10006 [36m302[0m 41.108 ms - 64[0m
[0mGET /dashboard [32m200[0m 5.160 ms - 3884[0m
[0mGET /history [32m200[0m 48.042 ms - 6264[0m
[0mGET /profile [32m200[0m 3.114 ms - 6958[0m
[0mPOST /profile/22 [36m302[0m 106.873 ms - 60[0m
[0mGET /profile [32m200[0m 44.418 ms - 7047[0m
[0mGET /profile [32m200[0m 46.779 ms - 6961[0m
[0mGET /history [32m200[0m 7.305 ms - 6267[0m
[0mGET /dashboard [32m200[0m 4.254 ms - 3788[0m
[0mGET /history [36m304[0m 4.827 ms - -[0m
[0mGET /logout [36m302[0m 0.998 ms - 46[0m
[0mGET / [36m304[0m 1.576 ms - -[0m
[0mPOST /login [36m302[0m 97.514 ms - 64[0m
[0mGET /dashboard [32m200[0m 2.863 ms - 3880[0m
[0mGET /profile [32m200[0m 43.584 ms - 6959[0m
[0mPOST /profile/25 [36m302[0m 139.548 ms - 60[0m
[0mGET /profile [32m200[0m 2.559 ms - 7090[0m
[0mGET /logout [36m302[0m 0.983 ms - 46[0m
[0mGET / [36m304[0m 1.875 ms - -[0m
[0mPOST /login [36m302[0m 98.390 ms - 64[0m
[0mGET /dashboard [32m200[0m 3.172 ms - 4160[0m
[0mGET /pegawai [36m304[0m 3.984 ms - -[0m
[0mGET /pegawai/detail/26 [32m200[0m 48.260 ms - 4970[0m
[0mGET /pegawai/detail/css/style.css [33m404[0m 0.817 ms - 20[0m
[0mGET /update/26 [32m200[0m 40.723 ms - 7155[0m
[0mGET /update/css/style.css [33m404[0m 0.531 ms - 20[0m
[0mPOST /26 [36m302[0m 61.780 ms - 60[0m
[0mGET /pegawai [32m200[0m 2.805 ms - 9860[0m
[0mGET /pegawai/add [32m200[0m 3.874 ms - 6845[0m
[0mGET /pegawai/css/style.css [33m404[0m 0.484 ms - 20[0m
[0mPOST /pegawai [36m302[0m 103.567 ms - 60[0m
[0mGET /pegawai [32m200[0m 2.444 ms - 11069[0m
[0mGET /logout [36m302[0m 0.694 ms - 46[0m
[0mGET / [36m304[0m 1.577 ms - -[0m
[0mPOST /login [36m302[0m 99.677 ms - 64[0m
[0mGET /dashboard [31m500[0m 3.364 ms - 2382[0m
[0mPOST /login [36m302[0m 99.133 ms - 64[0m
[0mGET /dashboard [31m500[0m 2.810 ms - 2382[0m
[0mGET / [36m304[0m 1.905 ms - -[0m
[0mPOST /login [36m302[0m 199.817 ms - 64[0m
[0mGET /dashboard [31m500[0m 2.877 ms - 2431[0m
[0mGET /dashboard [31m500[0m 44.950 ms - 2444[0m
[0mGET /dashboard [31m500[0m 43.898 ms - 2445[0m
[0mGET / [36m304[0m 1.732 ms - -[0m
[0mPOST /login [36m302[0m 98.423 ms - 64[0m
[0mGET /dashboard [31m500[0m 2.761 ms - 2445[0m
[0mGET /dashboard [31m500[0m 43.470 ms - 2435[0m
[0mGET /dashboard [32m200[0m 43.628 ms - 3786[0m
[0mGET /history [32m200[0m 4.885 ms - 6022[0m
[0mGET /dashboard [36m304[0m 4.148 ms - -[0m
[0mGET /logout [36m302[0m 0.682 ms - 46[0m
[0mGET / [36m304[0m 1.614 ms - -[0m
[0mPOST /login [36m302[0m 56.670 ms - 64[0m
[0mGET /dashboard [32m200[0m 1.854 ms - 4156[0m
[0mGET /logout [36m302[0m 0.659 ms - 46[0m
[0mGET / [36m304[0m 1.603 ms - -[0m
[0mPOST /login [36m302[0m 199.748 ms - 64[0m
[0mGET /dashboard [32m200[0m 3.240 ms - 3886[0m
[0mGET /logout [36m302[0m 0.866 ms - 46[0m
[0mGET / [36m304[0m 1.606 ms - -[0m
[0mPOST /login [36m302[0m 98.582 ms - 64[0m
[0mGET /dashboard [31m500[0m 2.772 ms - 2431[0m
[0mPOST /login [36m302[0m 99.466 ms - 64[0m
[0mGET /dashboard [32m200[0m 3.464 ms - 3890[0m
[0mGET /logout [36m302[0m 0.650 ms - 46[0m
[0mGET / [36m304[0m 1.640 ms - -[0m
[0mPOST /login [36m302[0m 97.947 ms - 64[0m
[0mGET /dashboard [32m200[0m 3.550 ms - 3879[0m
[0mGET /checkout/10006 [36m302[0m 38.831 ms - 64[0m
[0mGET /dashboard [32m200[0m 2.987 ms - 3887[0m
[0mGET /logout [36m302[0m 0.801 ms - 46[0m
[0mGET / [36m304[0m 1.774 ms - -[0m
[0mPOST /login [36m302[0m 98.250 ms - 64[0m
[0mGET /dashboard [32m200[0m 3.144 ms - 3880[0m
[0mGET /checkout/10008 [36m302[0m 40.026 ms - 64[0m
[0mGET /dashboard [32m200[0m 1.909 ms - 3888[0m
[0mGET /logout [36m302[0m 0.662 ms - 46[0m
[0mGET / [36m304[0m 2.411 ms - -[0m
[0mPOST /login [36m302[0m 56.985 ms - 64[0m
[0mGET /dashboard [31m500[0m 1.885 ms - 2431[0m
[0mPOST /login [36m302[0m 210.951 ms - 64[0m
[0mGET /dashboard [31m500[0m 2.930 ms - 2396[0m
[0mGET /dashboard [36m302[0m 5.109 ms - 46[0m
[0mGET / [36m304[0m 7.052 ms - -[0m
[0mPOST /login [36m302[0m 122.825 ms - 64[0m
[0mGET /dashboard [31m500[0m 5.164 ms - 2396[0m
[0mGET /dashboard [31m500[0m 56.470 ms - 2422[0m
[0mGET /dashboard [36m302[0m 5.195 ms - 46[0m
[0mGET / [36m304[0m 6.801 ms - -[0m
[0mPOST /login [36m302[0m 237.788 ms - 64[0m
[0mGET /dashboard [32m200[0m 4.647 ms - 3721[0m
[0mGET /history [36m304[0m 6.691 ms - -[0m
[0mGET /logout [36m302[0m 1.892 ms - 46[0m
[0mGET / [36m304[0m 2.046 ms - -[0m
[0mPOST /login [36m302[0m 57.795 ms - 64[0m
[0mGET /dashboard [32m200[0m 3.108 ms - 3730[0m
[0mGET / [36m304[0m 1.643 ms - -[0m
[0mPOST /login [36m302[0m 228.819 ms - 64[0m
[0mGET /dashboard [32m200[0m 4.430 ms - 4159[0m
[0mGET / [31m500[0m 10.702 ms - 2160[0m
[0mGET / [32m200[0m 9.298 ms - 2236[0m
[0mPOST /login [36m302[0m 122.275 ms - 64[0m
[0mGET /dashboard [36m304[0m 6.055 ms - -[0m
[0mGET / [36m302[0m 1.618 ms - 64[0m
[0mGET /dashboard [32m200[0m 6.085 ms - 4068[0m
[0mGET /logout [36m302[0m 1.886 ms - 46[0m
[0mGET / [32m200[0m 2.362 ms - 2236[0m
[0mGET /dashboard [36m302[0m 0.764 ms - 46[0m
[0mGET / [36m304[0m 1.312 ms - -[0m
[0mGET / [36m304[0m 23.854 ms - -[0m
[0mGET /favicon.ico [33m404[0m 4.544 ms - 20[0m
[0mPOST /login [36m302[0m 215.543 ms - 64[0m
[0mGET /dashboard [31m500[0m 12.106 ms - 2381[0m
[0mPOST /login [36m302[0m 307.526 ms - 64[0m
[0mGET /dashboard [32m200[0m 19.121 ms - 4155[0m
[0mGET /history [32m200[0m 77.060 ms - 15024[0m
[0mGET /history [36m304[0m 107.147 ms - -[0m
[0mGET /pegawai [36m302[0m 7.611 ms - 46[0m
[0mGET / [36m304[0m 10.846 ms - -[0m
[0mPOST /login [36m302[0m 198.359 ms - 64[0m
[0mGET /dashboard [36m304[0m 9.574 ms - -[0m
[0mGET /pegawai [32m200[0m 5.141 ms - 10967[0m
[0mGET /pegawai/add [32m200[0m 5.931 ms - 6845[0m
[0mGET /pegawai/css/style.css [33m404[0m 1.773 ms - 20[0m
[0mPOST /pegawai [36m302[0m 230.321 ms - 60[0m
[0mGET /pegawai [32m200[0m 4.763 ms - 12275[0m
[0mGET /delete/30 [36m302[0m 9.486 ms - 46[0m
[0mGET / [36m304[0m 12.980 ms - -[0m
[0mPOST /login [36m302[0m 206.114 ms - 64[0m
[0mGET /dashboard [36m304[0m 9.019 ms - -[0m
[0mGET /history [36m304[0m 38.368 ms - -[0m
[0mGET /pegawai [32m200[0m 5.293 ms - 12173[0m
[0mGET /delete/30 [36m302[0m 38.306 ms - 60[0m
[0mGET /pegawai [32m200[0m 4.438 ms - 11064[0m
[0mGET /pegawai [36m302[0m 8.384 ms - 46[0m
[0mGET / [36m304[0m 11.687 ms - -[0m
[0mPOST /login [36m302[0m 208.823 ms - 64[0m
[0mGET /dashboard [36m304[0m 8.681 ms - -[0m
[0mGET /pegawai [32m200[0m 6.935 ms - 10967[0m
[0mGET /pegawai/add [36m304[0m 6.419 ms - -[0m
[0mGET /pegawai/css/style.css [33m404[0m 1.549 ms - 20[0m
[0mPOST /pegawai [33m400[0m 227.155 ms - 43[0m
[0mGET /pegawai [36m302[0m 7.809 ms - 46[0m
[0mGET / [36m304[0m 12.038 ms - -[0m
[0mPOST /login [36m302[0m 210.427 ms - 64[0m
[0mGET /dashboard [36m304[0m 8.993 ms - -[0m
[0mGET /pegawai [32m200[0m 93.742 ms - 12173[0m
[0mGET /pegawai/add [32m200[0m 102.434 ms - 6845[0m
[0mGET /pegawai/css/style.css [33m404[0m 1.604 ms - 20[0m
[0mPOST /pegawai [36m302[0m 241.464 ms - 60[0m
[0mGET /pegawai [32m200[0m 4.826 ms - 13484[0m
[0mGET /absensi [36m302[0m 114.436 ms - 46[0m
[0mGET / [36m304[0m 13.604 ms - -[0m
[0mPOST /login [36m302[0m 96.736 ms - 64[0m
[0mGET /dashboard [36m304[0m 5.874 ms - -[0m
[0mGET /pegawai [32m200[0m 6.972 ms - 13382[0m
[0mGET /pegawai/add [32m200[0m 6.810 ms - 6845[0m
[0mGET /pegawai/css/style.css [33m404[0m 1.245 ms - 20[0m
[0mPOST /pegawai [33m400[0m 234.196 ms - 70[0m
[0mGET /pegawai [36m302[0m 8.377 ms - 46[0m
[0mGET / [36m304[0m 11.883 ms - -[0m
[0mPOST /login [36m302[0m 310.433 ms - 64[0m
[0mGET /dashboard [36m304[0m 11.327 ms - -[0m
[0mGET /pegawai [32m200[0m 6.175 ms - 14595[0m
[0mGET /pegawai/add [32m200[0m 6.353 ms - 6845[0m
[0mGET /pegawai/css/style.css [33m404[0m 1.368 ms - 20[0m
[0mPOST /pegawai [36m302[0m 231.042 ms - 60[0m
[0mGET /pegawai [32m200[0m 4.834 ms - 15906[0m
[0mGET /delete/34 [36m302[0m 8.286 ms - 46[0m
[0mGET / [36m304[0m 12.783 ms - -[0m
[0mPOST /login [36m302[0m 209.106 ms - 64[0m
[0mGET /dashboard [36m304[0m 10.906 ms - -[0m
[0mGET /pegawai [32m200[0m 6.165 ms - 15804[0m
[0mGET /delete/34 [36m302[0m 39.300 ms - 60[0m
[0mGET /pegawai [32m200[0m 6.375 ms - 14692[0m
[0mGET /delete/33 [36m302[0m 38.951 ms - 60[0m
[0mGET /pegawai [32m200[0m 4.649 ms - 13479[0m
[0mGET /delete/32 [36m302[0m 39.509 ms - 60[0m
[0mGET /pegawai [32m200[0m 4.566 ms - 12270[0m
[0mGET /pegawai/add [32m200[0m 6.817 ms - 6845[0m
[0mGET /pegawai/css/style.css [33m404[0m 1.935 ms - 20[0m
[0mPOST /pegawai [33m400[0m 189.974 ms - 62[0m
[0mGET /pegawai [36m302[0m 9.198 ms - 46[0m
[0mGET / [36m304[0m 12.272 ms - -[0m
[0mGET / [36m304[0m 3.292 ms - -[0m
[0mPOST /login [36m302[0m 207.343 ms - 64[0m
[0mGET /dashboard [36m304[0m 8.929 ms - -[0m
[0mGET /history [36m304[0m 36.248 ms - -[0m
[0mGET /history [32m200[0m 117.614 ms - 15029[0m
[0mGET /pegawai [32m200[0m 79.975 ms - 12173[0m
[0mGET /pegawai/detail/20 [32m200[0m 9.702 ms - 4969[0m
[0mGET /pegawai/detail/css/style.css [33m404[0m 1.591 ms - 20[0m
[0mGET /pegawai [36m304[0m 5.696 ms - -[0m
[0mGET /absensi [32m200[0m 43.694 ms - 6662[0m
[0mGET /history [36m304[0m 18.843 ms - -[0m
[0mGET /dashboard [32m200[0m 77.243 ms - 4064[0m
[0mGET /checkin/10001 [36m302[0m 44.781 ms - 64[0m
[0mGET /dashboard [32m200[0m 4.517 ms - 4162[0m
[0mGET /history [32m200[0m 13.854 ms - 15027[0m
[0mGET /history [36m304[0m 95.093 ms - -[0m
[0mGET /pegawai [36m304[0m 5.354 ms - -[0m
[0mGET /pegawai/add [36m304[0m 6.274 ms - -[0m
[0mGET /pegawai/css/style.css [33m404[0m 1.350 ms - 20[0m
[0mPOST /pegawai [36m302[0m 210.494 ms - 60[0m
[0mGET /pegawai [32m200[0m 4.394 ms - 13486[0m
[0mGET /history [36m302[0m 8.329 ms - 46[0m
[0mGET / [36m304[0m 12.528 ms - -[0m
[0mPOST /login [36m302[0m 208.487 ms - 64[0m
[0mGET /dashboard [32m200[0m 9.125 ms - 4157[0m
[0mGET /pegawai [32m200[0m 6.338 ms - 13384[0m
[0mGET /pegawai/add [32m200[0m 6.763 ms - 6845[0m
[0mGET /pegawai/css/style.css [33m404[0m 1.574 ms - 20[0m
[0mPOST /pegawai [33m400[0m 296.007 ms - 42[0m
[0mGET /pegawai/add [36m302[0m 7.676 ms - 46[0m
[0mGET / [36m304[0m 11.700 ms - -[0m
[0mPOST /login [36m302[0m 211.797 ms - 64[0m
[0mGET /dashboard [36m304[0m 10.485 ms - -[0m
[0mGET /pegawai [36m304[0m 5.749 ms - -[0m
[0mGET /pegawai/add [32m200[0m 7.319 ms - 6845[0m
[0mGET /pegawai/css/style.css [33m404[0m 1.573 ms - 20[0m
[0mPOST /pegawai [36m302[0m 231.358 ms - 60[0m
[0mGET /pegawai [32m200[0m 5.426 ms - 14693[0m
[0mGET /pegawai [36m302[0m 7.761 ms - 46[0m
[0mGET / [36m304[0m 11.684 ms - -[0m
[0mPOST /login [36m302[0m 299.308 ms - 64[0m
[0mGET /dashboard [36m304[0m 8.918 ms - -[0m
[0mGET /history [32m200[0m 36.978 ms - 15027[0m
[0mGET /pegawai [32m200[0m 6.675 ms - 14591[0m
[0mGET /delete/36 [36m302[0m 40.911 ms - 60[0m
[0mGET /pegawai [32m200[0m 5.219 ms - 13481[0m
[0mGET /delete/35 [36m302[0m 37.798 ms - 60[0m
[0mGET /pegawai [32m200[0m 6.124 ms - 12270[0m
[0mGET /logout [36m302[0m 1.424 ms - 46[0m
[0mGET / [36m304[0m 2.155 ms - -[0m
[0mPOST /login [36m302[0m 104.382 ms - 64[0m
[0mGET /dashboard [32m200[0m 3.865 ms - 4160[0m
[0mGET /pegawai [32m200[0m 2.990 ms - 12173[0m
[0mGET /logout [36m302[0m 1.301 ms - 46[0m
[0mGET / [36m304[0m 2.885 ms - -[0m
[0mPOST /login [36m302[0m 95.055 ms - 64[0m
[0mGET /dashboard [31m500[0m 3.722 ms - 2381[0m
[0mPOST /login [36m302[0m 95.230 ms - 64[0m
[0mGET /dashboard [32m200[0m 3.342 ms - 4160[0m
[0mGET /pegawai [36m304[0m 3.018 ms - -[0m
[0mGET /pegawai/detail/31 [32m200[0m 4.304 ms - 4976[0m
[0mGET /pegawai/detail/css/style.css [33m404[0m 0.580 ms - 20[0m
[0mGET /nonaktif/31 [36m302[0m 38.236 ms - 60[0m
[0mGET /pegawai [32m200[0m 2.705 ms - 12282[0m
[0mGET /logout [36m302[0m 1.417 ms - 46[0m
[0mGET / [36m304[0m 2.090 ms - -[0m
[0mPOST /login [36m302[0m 208.389 ms - 64[0m
[0mGET /dashboard [36m304[0m 5.721 ms - -[0m
[0mGET /checkin/10001 [36m302[0m 81.843 ms - 64[0m
[0mGET /dashboard [32m200[0m 4.461 ms - 4163[0m
[0mGET /checkin/10001 [36m302[0m 4.308 ms - 64[0m
[0mGET /dashboard [36m304[0m 3.373 ms - -[0m
[0mGET /history [36m304[0m 15.323 ms - -[0m
[0mGET /history?tgl_awal=2022-06-21&tgl_akhir=2022-07-25&jam_kerja=lebih_besar [32m200[0m 84.181 ms - 6580[0m
[0mGET /pegawai [32m200[0m 6.197 ms - 12178[0m
[0mGET /pegawai/add [32m200[0m 5.800 ms - 6845[0m
[0mGET /pegawai/css/style.css [33m404[0m 0.776 ms - 20[0m
[0mPOST /pegawai [36m302[0m 207.902 ms - 60[0m
[0mGET /pegawai [32m200[0m 3.809 ms - 13486[0m
[0mGET /pegawai/detail/20 [36m304[0m 193.626 ms - -[0m
[0mGET /pegawai/detail/css/style.css [33m404[0m 1.219 ms - 20[0m
[0mGET /pegawai [32m200[0m 180.218 ms - 13384[0m
[0mGET /absensi [36m304[0m 9.410 ms - -[0m
[0mGET /absensi/detail/20 [32m200[0m 98.080 ms - 7376[0m
[0mGET /absensi/detail/css/style.css [33m404[0m 0.741 ms - 20[0m
[0mGET /absensi [36m304[0m 9.947 ms - -[0m
[0mGET /profile [32m200[0m 6.264 ms - 7240[0m
[0mGET /logout [36m302[0m 0.873 ms - 46[0m
[0mGET / [36m304[0m 1.823 ms - -[0m
[0mPOST /login [36m302[0m 271.758 ms - 64[0m
[0mGET /dashboard [32m200[0m 41.285 ms - 3888[0m
[0mGET /checkin/10005 [36m302[0m 81.158 ms - 64[0m
[0mGET /dashboard [32m200[0m 4.260 ms - 3895[0m
[0mGET /checkin/10005 [36m302[0m 4.043 ms - 64[0m
[0mGET /dashboard [32m200[0m 3.765 ms - 3893[0m
[0mGET /history [32m200[0m 6.390 ms - 6829[0m
[0mGET /profile [32m200[0m 78.944 ms - 6978[0m
[0mGET /logout [36m302[0m 0.997 ms - 46[0m
[0mGET / [36m304[0m 2.190 ms - -[0m
[0mPOST /login [33m400[0m 82.899 ms - 70[0m
[0mPOST /login [36m302[0m 168.066 ms - 64[0m
[0mGET /dashboard [32m200[0m 6.368 ms - 4159[0m
[0mGET /pegawai [36m304[0m 4.264 ms - -[0m
[0mGET /update/21 [32m200[0m 6.022 ms - 7175[0m
[0mGET /update/css/style.css [33m404[0m 0.962 ms - 20[0m
[0mGET /pegawai [36m304[0m 79.045 ms - -[0m
[0mGET /pegawai/detail/21 [32m200[0m 7.492 ms - 4990[0m
[0mGET /pegawai/detail/css/style.css [33m404[0m 1.020 ms - 20[0m
[0mGET /nonaktif/21 [36m302[0m 39.141 ms - 60[0m
[0mGET /pegawai [32m200[0m 4.696 ms - 13493[0m
[0mGET /logout [36m302[0m 1.327 ms - 46[0m
[0mGET / [36m304[0m 1.648 ms - -[0m
[0mPOST /login [36m302[0m 166.442 ms - 64[0m
[0mGET /dashboard [32m200[0m 4.992 ms - 3890[0m
[0mGET /checkout/10005 [36m302[0m 43.915 ms - 64[0m
[0mGET /dashboard [32m200[0m 4.907 ms - 3898[0m
[0mGET /logout [36m302[0m 1.064 ms - 46[0m
[0mGET / [36m304[0m 1.861 ms - -[0m
[0mPOST /login [36m302[0m 171.540 ms - 64[0m
[0mGET /dashboard [32m200[0m 5.182 ms - 4160[0m
[0mGET /history [32m200[0m 14.963 ms - 15027[0m
[0mGET /logout [36m302[0m 0.917 ms - 46[0m
[0mGET / [36m304[0m 2.111 ms - -[0m
[0mPOST /login [36m302[0m 264.689 ms - 64[0m
[0mGET /dashboard [36m304[0m 5.670 ms - -[0m
[0mGET /history [36m304[0m 85.510 ms - -[0m
[0mGET /dashboard [32m200[0m 5.266 ms - 4069[0m
[0mGET /pegawai [36m302[0m 8.906 ms - 46[0m
[0mGET / [36m304[0m 16.844 ms - -[0m
[0mPOST /login [36m302[0m 121.559 ms - 46[0m
[0mGET / [32m200[0m 3.271 ms - 2324[0m
[0mPOST /login [36m302[0m 4.680 ms - 46[0m
[0mGET / [36m304[0m 3.468 ms - -[0m
[0mPOST /login [36m302[0m 120.668 ms - 46[0m
[0mGET / [36m304[0m 14.653 ms - -[0m
[0mPOST /login [36m302[0m 120.535 ms - 46[0m
[0mGET / [36m304[0m 12.655 ms - -[0m
[0mPOST /login [36m302[0m 4.316 ms - 46[0m
[0mGET / [36m304[0m 4.316 ms - -[0m
[0mPOST /login [36m302[0m 125.663 ms - 46[0m
[0mGET / [36m304[0m 15.736 ms - -[0m
[0mPOST /login [36m302[0m 208.465 ms - 64[0m
[0mGET /dashboard [32m200[0m 18.660 ms - 4160[0m
[0mGET /pegawai [32m200[0m 7.518 ms - 13389[0m
[0mGET /logout [36m302[0m 2.422 ms - 46[0m
[0mGET / [32m200[0m 2.535 ms - 2236[0m
[0mPOST /login [36m302[0m 108.363 ms - 46[0m
[0mGET / [32m200[0m 2.697 ms - 2324[0m
[0mPOST /login [36m302[0m 215.859 ms - 64[0m
[0mGET /dashboard [32m200[0m 17.381 ms - 4160[0m
[0mGET /checkin/10001 [36m302[0m 5.775 ms - 64[0m
[0mGET /dashboard [32m200[0m 5.474 ms - 4163[0m
[0mGET /dashboard [32m200[0m 105.111 ms - 4069[0m
[0mGET /checkin/10001 [36m302[0m 88.275 ms - 64[0m
[0mGET /dashboard [32m200[0m 4.968 ms - 4163[0m
[0mGET /checkin/10001 [36m302[0m 82.924 ms - 64[0m
[0mGET /dashboard [36m304[0m 6.035 ms - -[0m
[0mGET /dashboard [32m200[0m 84.470 ms - 4090[0m
[0mGET /checkin/10001 [36m302[0m 6.761 ms - 64[0m
[0mGET /dashboard [32m200[0m 4.669 ms - 4184[0m
[0mGET /dashboard [32m200[0m 74.694 ms - 4090[0m
[0mGET /dashboard [32m200[0m 75.950 ms - 4092[0m
[0mGET /dashboard [36m304[0m 77.635 ms - -[0m
[0mGET /logout [36m302[0m 1.267 ms - 46[0m
[0mGET / [32m200[0m 2.547 ms - 2236[0m
[0mPOST /login [36m302[0m 96.023 ms - 64[0m
[0mGET /dashboard [32m200[0m 5.052 ms - 4183[0m
[0mGET /dashboard [31m500[0m 79.596 ms - 1775[0m
[0mGET /dashboard [31m500[0m 190.568 ms - 1786[0m
[0mGET /dashboard [31m500[0m 73.296 ms - 1786[0m
[0mGET /dashboard [32m200[0m 79.831 ms - 4128[0m
[0mGET /checkin/10001 [36m302[0m 6.366 ms - 64[0m
[0mGET /dashboard [32m200[0m 5.327 ms - 4222[0m
[0mGET /dashboard [32m200[0m 75.556 ms - 4155[0m
[0mGET /checkin/10001 [36m302[0m 5.821 ms - 64[0m
[0mGET /dashboard [32m200[0m 3.881 ms - 4249[0m
[0mGET /dashboard [32m200[0m 74.265 ms - 4164[0m
[0mGET /dashboard [32m200[0m 76.106 ms - 4092[0m
[0mGET /checkin/10001 [36m302[0m 5.927 ms - 64[0m
[0mGET /dashboard [32m200[0m 5.255 ms - 4186[0m
[0mGET /dashboard [32m200[0m 75.185 ms - 4092[0m
[0mGET /checkin/10001 [36m302[0m 6.142 ms - 64[0m
[0mGET /dashboard [32m200[0m 4.029 ms - 4186[0m
[0mGET /dashboard [32m200[0m 74.327 ms - 4188[0m
[0mGET /dashboard [32m200[0m 79.651 ms - 4190[0m
[0mGET /logout [36m302[0m 1.031 ms - 46[0m
[0mGET / [36m304[0m 2.396 ms - -[0m
[0mPOST /login [36m302[0m 268.122 ms - 64[0m
[0mGET /dashboard [32m200[0m 6.381 ms - 3903[0m
[0mGET /dashboard [32m200[0m 75.739 ms - 3886[0m
[0mGET /dashboard [32m200[0m 76.304 ms - 3919[0m
[0mGET /dashboard [32m200[0m 75.082 ms - 3931[0m
[0mGET /dashboard [36m304[0m 78.181 ms - -[0m
[0mGET /checkin/10008 [36m302[0m 43.464 ms - 64[0m
[0mGET /dashboard [32m200[0m 4.738 ms - 4035[0m
[0mGET /checkout/10008 [36m302[0m 39.869 ms - 64[0m
[0mGET /dashboard [32m200[0m 3.944 ms - 4131[0m
[0mGET /logout [36m302[0m 1.071 ms - 46[0m
[0mGET / [36m304[0m 2.106 ms - -[0m
[0mPOST /login [36m302[0m 167.990 ms - 64[0m
[0mGET /dashboard [32m200[0m 6.001 ms - 4308[0m
[0mGET /history [36m304[0m 35.633 ms - -[0m
[0mGET /history?tgl_awal=2022-06-12&tgl_akhir=2022-07-26&jam_kerja= [32m200[0m 95.220 ms - 15027[0m
[0mGET /dashboard [36m302[0m 3.786 ms - 46[0m
[0mGET / [36m304[0m 7.052 ms - -[0m
[0mPOST /login [36m302[0m 116.637 ms - 64[0m
[0mGET /dashboard [32m200[0m 5.212 ms - 4308[0m
[0mGET /dashboard/add [33m404[0m 2.325 ms - 1577[0m
[0mGET /dashboard/add [33m404[0m 7.080 ms - 1708[0m
[0mGET /dashboard/add [33m404[0m 7.264 ms - 1700[0m
[0mGET /dashboard/add [33m404[0m 7.501 ms - 1708[0m
[0mGET /dashboard/add [33m404[0m 9.023 ms - 2160[0m
[0mPOST /login [36m302[0m 129.104 ms - 64[0m
[0mGET /dashboard [36m304[0m 7.003 ms - -[0m
[0mGET /dashboard/add [33m404[0m 3.269 ms - 2160[0m
[0mGET /dashboard/add [33m404[0m 8.642 ms - 1504[0m
[0mGET /dashboard/css/style.css [33m404[0m 2.506 ms - 1504[0m
[0mGET /dashboard/ [36m302[0m 3.584 ms - 46[0m
[0mGET / [36m304[0m 1.999 ms - -[0m
[0mGET / [36m304[0m 8.617 ms - -[0m
[0mPOST /login [36m302[0m 116.559 ms - 64[0m
[0mGET /dashboard [36m304[0m 5.150 ms - -[0m
[0mGET /history [36m304[0m 20.643 ms - -[0m
[0mGET /pegawai [36m304[0m 5.139 ms - -[0m
[0mGET /pegawai/add [32m200[0m 5.013 ms - 6845[0m
[0mGET /pegawai/css/style.css [33m404[0m 1.706 ms - 1504[0m
[0mPOST /pegawai [36m302[0m 221.641 ms - 60[0m
[0mGET /pegawai [32m200[0m 76.827 ms - 14698[0m
[0mGET /pegawai/add [36m302[0m 4.464 ms - 46[0m
[0mGET / [36m304[0m 6.469 ms - -[0m
[0mPOST /login [36m302[0m 222.522 ms - 64[0m
[0mGET /dashboard [36m304[0m 5.758 ms - -[0m
[0mGET /history [36m304[0m 23.322 ms - -[0m
[0mGET /pegawai [32m200[0m 5.064 ms - 14596[0m
[0mGET /pegawai/add [32m200[0m 4.368 ms - 6845[0m
[0mGET /pegawai/css/style.css [33m404[0m 2.207 ms - 1504[0m
[0mPOST /pegawai [36m302[0m 106.551 ms - 60[0m
[0mGET /pegawai [32m200[0m 2.780 ms - 15905[0m
[0mGET /pegawai/add [36m302[0m 5.153 ms - 46[0m
[0mGET / [36m304[0m 6.878 ms - -[0m
[0mPOST /login [36m302[0m 113.610 ms - 64[0m
[0mGET /dashboard [36m304[0m 5.969 ms - -[0m
[0mGET /pegawai [32m200[0m 6.859 ms - 15803[0m
[0mGET /pegawai/add [32m200[0m 4.667 ms - 6845[0m
[0mGET /pegawai/css/style.css [33m404[0m 2.430 ms - 1504[0m
[0mPOST /pegawai [36m302[0m 107.689 ms - 60[0m
[0mGET /pegawai [32m200[0m 3.153 ms - 17119[0m
[0mGET /pegawai [36m302[0m 4.681 ms - 46[0m
[0mGET / [36m304[0m 6.141 ms - -[0m
[0mPOST /login [36m302[0m 114.741 ms - 64[0m
[0mGET /dashboard [36m304[0m 5.954 ms - -[0m
[0mGET /pegawai [32m200[0m 5.000 ms - 17017[0m
[0mGET /pegawai/add [32m200[0m 5.684 ms - 6845[0m
[0mGET /pegawai/css/style.css [33m404[0m 1.637 ms - 1504[0m
[0mPOST /pegawai [36m302[0m 114.366 ms - 60[0m
[0mGET /pegawai [32m200[0m 2.665 ms - 18334[0m
[0mGET /pegawai/add [36m302[0m 4.389 ms - 46[0m
[0mGET / [36m304[0m 7.036 ms - -[0m
[0mPOST /login [36m302[0m 114.668 ms - 64[0m
[0mGET /dashboard [36m304[0m 5.993 ms - -[0m
[0mGET /absensi [32m200[0m 19.137 ms - 6694[0m
[0mGET /pegawai [32m200[0m 3.982 ms - 18232[0m
[0mGET /pegawai/add [32m200[0m 3.119 ms - 6845[0m
[0mGET /pegawai/css/style.css [33m404[0m 1.608 ms - 1504[0m
[0mPOST /pegawai [36m302[0m 113.219 ms - 60[0m
[0mGET /pegawai [32m200[0m 3.028 ms - 19551[0m
[0mGET /dashboard [36m302[0m 4.433 ms - 46[0m
[0mGET / [36m304[0m 6.607 ms - -[0m
[0mPOST /login [36m302[0m 113.220 ms - 64[0m
[0mGET /dashboard [32m200[0m 5.917 ms - 4308[0m
[0mGET /pegawai [32m200[0m 4.154 ms - 19449[0m
[0mGET /pegawai/add [32m200[0m 2.972 ms - 6845[0m
[0mGET /pegawai/css/style.css [33m404[0m 1.509 ms - 1504[0m
[0mPOST /pegawai [33m400[0m 110.172 ms - 64[0m
[0mGET /pegawai/add [36m302[0m 4.613 ms - 46[0m
[0mGET / [36m304[0m 6.365 ms - -[0m
[0mPOST /login [36m302[0m 229.651 ms - 64[0m
[0mGET /dashboard [36m304[0m 5.829 ms - -[0m
[0mGET /history [36m304[0m 22.287 ms - -[0m
[0mGET /pegawai [32m200[0m 5.662 ms - 20666[0m
[0mGET /pegawai/add [32m200[0m 3.160 ms - 6845[0m
[0mGET /pegawai/css/style.css [33m404[0m 2.014 ms - 1504[0m
[0mPOST /pegawai [33m400[0m 147.610 ms - 72[0m
[0mGET /pegawai [36m302[0m 4.633 ms - 46[0m
[0mGET / [36m304[0m 6.149 ms - -[0m
[0mPOST /login [36m302[0m 116.150 ms - 64[0m
[0mGET /dashboard [36m304[0m 5.907 ms - -[0m
[0mGET /pegawai [32m200[0m 6.079 ms - 21882[0m
[0mGET /pegawai/add [32m200[0m 4.908 ms - 6845[0m
[0mGET /pegawai/css/style.css [33m404[0m 1.578 ms - 1504[0m
[0mPOST /pegawai [36m302[0m 111.614 ms - 60[0m
[0mGET /pegawai [32m200[0m 2.738 ms - 23202[0m
[0mGET /pegawai [36m302[0m 4.282 ms - 46[0m
[0mGET / [36m304[0m 6.319 ms - -[0m
[0mPOST /login [36m302[0m 112.912 ms - 64[0m
[0mGET /dashboard [36m304[0m 4.969 ms - -[0m
[0mGET /absensi [36m304[0m 18.939 ms - -[0m
[0mGET /pegawai [32m200[0m 50.977 ms - 23100[0m
[0mGET /update/20 [32m200[0m 5.011 ms - 7154[0m
[0mGET /update/css/style.css [33m404[0m 2.385 ms - 1504[0m
[0mPOST /20 [36m302[0m 59.009 ms - 60[0m
[0mGET /pegawai [32m200[0m 4.059 ms - 23209[0m
[0mGET /pegawai [36m302[0m 4.619 ms - 46[0m
[0mGET / [36m304[0m 6.245 ms - -[0m
[0mPOST /login [36m302[0m 115.024 ms - 64[0m
[0mGET /dashboard [36m304[0m 5.774 ms - -[0m
[0mGET /absensi [32m200[0m 20.294 ms - 6704[0m
[0mGET /absensi/detail/21 [32m200[0m 13.122 ms - 7474[0m
[0mGET /absensi/detail/css/style.css [33m404[0m 1.612 ms - 1504[0m
[0mGET /history [36m302[0m 4.561 ms - 46[0m
[0mGET / [36m304[0m 6.351 ms - -[0m
[0mPOST /login [36m302[0m 114.031 ms - 64[0m
[0mGET /dashboard [36m304[0m 5.454 ms - -[0m
[0mGET /history [32m200[0m 23.162 ms - 15027[0m
[0mGET /pegawai [32m200[0m 5.650 ms - 23110[0m
[0mGET /absensi [36m304[0m 5.374 ms - -[0m
[0mGET /pegawai [36m304[0m 52.692 ms - -[0m
[0mGET /delete/45 [36m302[0m 81.493 ms - 60[0m
[0mGET /pegawai [32m200[0m 3.218 ms - 21989[0m
[0mGET /delete/44 [36m302[0m 2.291 ms - 60[0m
[0mGET /pegawai [32m200[0m 3.456 ms - 20773[0m
[0mGET /delete/43 [36m302[0m 1.536 ms - 60[0m
[0mGET /pegawai [32m200[0m 2.331 ms - 19556[0m
[0mGET /delete/42 [36m302[0m 36.681 ms - 60[0m
[0mGET /pegawai [32m200[0m 2.124 ms - 18339[0m
[0mGET /delete/41 [36m302[0m 37.778 ms - 60[0m
[0mGET /pegawai [32m200[0m 2.567 ms - 17124[0m
[0mGET /delete/40 [36m302[0m 1.451 ms - 60[0m
[0mGET /pegawai [32m200[0m 2.202 ms - 15910[0m
[0mGET /delete/39 [36m302[0m 1.901 ms - 60[0m
[0mGET /pegawai [32m200[0m 2.416 ms - 14703[0m
[0mGET /delete/38 [36m302[0m 36.868 ms - 60[0m
[0mGET /pegawai [32m200[0m 3.520 ms - 13496[0m
[0mGET /delete/37 [36m302[0m 36.431 ms - 60[0m
[0mGET /pegawai [32m200[0m 1.859 ms - 12290[0m
[0mGET /update/20 [32m200[0m 5.540 ms - 7164[0m
[0mGET /update/css/style.css [33m404[0m 1.462 ms - 1504[0m
[0mPOST /20 [36m302[0m 58.150 ms - 60[0m
[0mGET /pegawai [32m200[0m 1.795 ms - 12285[0m
[0mGET /history [36m304[0m 47.732 ms - -[0m
[0mGET /pegawai [32m200[0m 153.417 ms - 12186[0m
[0mGET /absensi [32m200[0m 4.588 ms - 6697[0m
[0mGET /logout [36m302[0m 4.816 ms - 46[0m
[0mGET / [36m304[0m 64.510 ms - -[0m
[0mPOST /login [36m302[0m 114.890 ms - 64[0m
[0mGET /dashboard [36m304[0m 5.990 ms - -[0m
[0mGET /logout [36m302[0m 4.292 ms - 46[0m
[0mGET / [36m304[0m 7.096 ms - -[0m
[0mPOST /login [36m302[0m 116.034 ms - 64[0m
[0mGET /dashboard [36m304[0m 61.962 ms - -[0m
